[18:14:14] [ServerMain/INFO]: Environment: Environment[sessionHost=https://sessionserver.mojang.com, servicesHost=https://api.minecraftservices.com, name=PROD]
[18:14:17] [ServerMain/INFO]: Loaded 1290 recipes
[18:14:17] [ServerMain/INFO]: Loaded 1399 advancements
[18:14:18] [Server thread/INFO]: Starting minecraft server version 1.21.1
[18:14:18] [Server thread/INFO]: Loading properties
[18:14:18] [Server thread/INFO]: Default game type: SURVIVAL
[18:14:18] [Server thread/INFO]: Generating keypair
[18:14:18] [Server thread/INFO]: Starting Minecraft server on *:25565
[18:14:18] [Server thread/INFO]: Using epoll channel type
[18:14:18] [Server thread/WARN]: **** SERVER IS RUNNING IN OFFLINE/INSECURE MODE!
[18:14:18] [Server thread/WARN]: The server will make no attempt to authenticate usernames. Beware.
[18:14:18] [Server thread/WARN]: While this makes the game possible to play without internet access, it also opens up the ability for hackers to connect with any username they choose.
[18:14:18] [Server thread/WARN]: To change this, set "online-mode" to "true" in the server.properties file.
[18:14:18] [Server thread/INFO]: Preparing level "world"
[18:14:26] [Server thread/INFO]: Preparing start region for dimension minecraft:overworld
[18:14:26] [Worker-Main-1/INFO]: Preparing spawn area: 0%
[18:14:26] [Worker-Main-1/INFO]: Preparing spawn area: 0%
[18:14:26] [Server thread/INFO]: Time elapsed: 722 ms
[18:14:26] [Server thread/INFO]: Done (8.415s)! For help, type "help"
[18:14:36] [Server thread/INFO]: Zzaduke[/[0:0:0:0:0:0:0:1%0]:56712] logged in with entity id 1 at (-66.5, 96.0, -15.5)
[18:14:36] [Server thread/INFO]: Zzaduke joined the game
[18:27:14] [Server thread/INFO]: Zzaduke lost connection: Disconnected
[18:27:14] [Server thread/INFO]: Zzaduke left the game
